<?xml version="1.0" encoding="UTF-8"?>
<!-- Generated by org.testng.reporters.JUnitReportReporter -->
<testsuite hostname="DESKTOP-C56VD1H" failures="0" tests="3" name="ujian.ujiankelima.appium.runner.TestCreateTask" time="21.813" errors="0" timestamp="2022-09-24T23:48:57 ICT" skipped="0">
  <testcase classname="ujian.ujiankelima.appium.runner.TestCreateTask" name="testCreate" time="9.021"/>
  <system-out/>
  <testcase classname="ujian.ujiankelima.appium.runner.TestCreateTask" name="testEdit" time="8.981"/>
  <system-out/>
  <testcase classname="ujian.ujiankelima.appium.runner.TestCreateTask" name="testCompleted" time="3.811"/>
  <system-out/>
</testsuite> <!-- ujian.ujiankelima.appium.runner.TestCreateTask -->
